[15:56:40.794] [INFO] storybook v10.2.17
[15:56:41.652] [DEBUG] Getting package.json info for /Users/phil/Repos/next-monorepo/apps/storybook/package.json...
[15:56:44.374] [INFO] Starting...
[15:56:44.429] [WARN] No story files found for the specified pattern: [34msrc/**/*.mdx[39m
[15:56:44.779] [DEBUG] Starting preview..
[15:56:44.839] [INFO] Addon-docs: using MDX3
[15:56:44.940] [INFO] Using implicit CSS loaders
[15:56:45.406] [INFO] Using SWC as compiler
[15:56:45.870] [INFO] Using default Webpack5 setup
[15:56:46.753] [DEBUG] Using tsconfig paths for react-docgen
[15:56:55.522] [ERROR] Failed to build the preview
[15:56:55.534] [WARN] Force closed preview build
[15:56:55.536] [ERROR] [38;2;241;97;97mSB_BUILDER-WEBPACK5_0003 (WebpackCompilationError): There were problems when compiling your code with Webpack.
Run Storybook with --debug-webpack for more information.[39m
    at starter (file:///Users/phil/Repos/next-monorepo/node_modules/.pnpm/@storybook+builder-webpack5@10.2.17_esbuild@0.27.3_storybook@10.2.17_@testing-library+dom@10._6zqfb5fpqs3iyo3mc4iufqysje/node_modules/@storybook/builder-webpack5/dist/index.js:799:11)
    at starter.next (<anonymous>)
    at Module.start (file:///Users/phil/Repos/next-monorepo/node_modules/.pnpm/@storybook+builder-webpack5@10.2.17_esbuild@0.27.3_storybook@10.2.17_@testing-library+dom@10._6zqfb5fpqs3iyo3mc4iufqysje/node_modules/@storybook/builder-webpack5/dist/index.js:857:34)
    at process.processTicksAndRejections (node:internal/process/task_queues:105:5)
    at async storybookDevServer (file:///Users/phil/Repos/next-monorepo/node_modules/.pnpm/storybook@10.2.17_@testing-library+dom@10.4.0_prettier@3.8.1_react-dom@19.2.4_react@19.2.4__react@19.2.4/node_modules/storybook/dist/core-server/index.js:7295:83)
    at async buildOrThrow (file:///Users/phil/Repos/next-monorepo/node_modules/.pnpm/storybook@10.2.17_@testing-library+dom@10.4.0_prettier@3.8.1_react-dom@19.2.4_react@19.2.4__react@19.2.4/node_modules/storybook/dist/core-server/index.js:4506:12)
    at async buildDevStandalone (file:///Users/phil/Repos/next-monorepo/node_modules/.pnpm/storybook@10.2.17_@testing-library+dom@10.4.0_prettier@3.8.1_react-dom@19.2.4_react@19.2.4__react@19.2.4/node_modules/storybook/dist/core-server/index.js:7710:41)
    at async withTelemetry (file:///Users/phil/Repos/next-monorepo/node_modules/.pnpm/storybook@10.2.17_@testing-library+dom@10.4.0_prettier@3.8.1_react-dom@19.2.4_react@19.2.4__react@19.2.4/node_modules/storybook/dist/_node-chunks/chunk-FTTIUZEI.js:218:12)
    at async dev (file:///Users/phil/Repos/next-monorepo/node_modules/.pnpm/storybook@10.2.17_@testing-library+dom@10.4.0_prettier@3.8.1_react-dom@19.2.4_react@19.2.4__react@19.2.4/node_modules/storybook/dist/bin/core.js:2734:3)
    at async _Command.<anonymous> (file:///Users/phil/Repos/next-monorepo/node_modules/.pnpm/storybook@10.2.17_@testing-library+dom@10.4.0_prettier@3.8.1_react-dom@19.2.4_react@19.2.4__react@19.2.4/node_modules/storybook/dist/bin/core.js:2804:92)
[15:56:55.538] [WARN] Broken build, fix the error above.
You may need to refresh the browser.
[15:57:21.056] [PROMPT] Would you like to send anonymous crash reports to improve Storybook and fix bugs faster? {"choice":true}